0 info it worked if it ends with ok
1 verbose cli [ 'C:\\Program Files\\nodejs\\node.exe',
1 verbose cli   'C:\\Program Files\\nodejs\\node_modules\\npm\\bin\\npm-cli.js',
1 verbose cli   'run',
1 verbose cli   'setup' ]
2 info using npm@3.10.10
3 info using node@v6.11.2
4 verbose run-script [ 'presetup', 'setup', 'postsetup' ]
5 info lifecycle platziverse-db@1.0.0~presetup: platziverse-db@1.0.0
6 silly lifecycle platziverse-db@1.0.0~presetup: no script for presetup, continuing
7 info lifecycle platziverse-db@1.0.0~setup: platziverse-db@1.0.0
8 verbose lifecycle platziverse-db@1.0.0~setup: unsafe-perm in lifecycle true
9 verbose lifecycle platziverse-db@1.0.0~setup: PATH: C:\Program Files\nodejs\node_modules\npm\bin\node-gyp-bin;C:\Proyectos\Platzi\platziverse\platziverse-db\node_modules\.bin;C:\Program Files\Git\cmd;C:\ProgramData\Oracle\Java\javapath;C:\Program Files (x86)\Intel\iCLS Client\;C:\Program Files\Intel\iCLS Client\;C:\Windows\system32;C:\Windows;C:\Windows\System32\Wbem;C:\Program Files\Intel\WiFi\bin\;C:\Program Files\Common Files\Intel\WirelessCommon\;C:\Program Files\Intel\Intel(R) Management Engine Components\DAL;C:\Program Files\Intel\Intel(R) Management Engine Components\IPT;C:\Program Files (x86)\Intel\Intel(R) Management Engine Components\DAL;C:\Program Files (x86)\Intel\Intel(R) Management Engine Components\IPT;C:\Program Files (x86)\Intel\OpenCL SDK\2.0\bin\x86;C:\Program Files (x86)\Intel\OpenCL SDK\2.0\bin\x64;C:\Program Files\Git\cmd;C:\Program Files\Git\mingw64\bin;C:\Program Files\Git\usr\bin;C:\Program Files (x86)\Skype\Phone\;C:\Program Files\TortoiseSVN\bin;C:\Program Files\nodejs\;C:\Windows\System32\WindowsPowerShell\v1.0\;C:\HashiCorp\Vagrant\bin;C:\Ruby24\bin;C:\Users\user\AppData\Local\Programs\Python\Python36-32\Scripts\;C:\Users\user\AppData\Local\Programs\Python\Python36-32\;C:\Program Files\Intel\WiFi\bin\;C:\Program Files\Common Files\Intel\WirelessCommon\;C:\Users\user\AppData\Roaming\npm;C:\Python27;C:\Program Files\Microsoft Visual Studio 8\VC\bin;C:\Program Files\Microsoft Visual Studio 8\VC\vcpackages;C:\Program Files (x86)\redis\64bit;C:\Program Files\Microsoft VS Code\bin
10 verbose lifecycle platziverse-db@1.0.0~setup: CWD: C:\Proyectos\Platzi\platziverse\platziverse-db
11 silly lifecycle platziverse-db@1.0.0~setup: Args: [ '/d /s /c', 'SET DEBUG=platziverse:* && node setup.js' ]
12 silly lifecycle platziverse-db@1.0.0~setup: Returned: code: 1  signal: null
13 info lifecycle platziverse-db@1.0.0~setup: Failed to exec setup script
14 verbose stack Error: platziverse-db@1.0.0 setup: `SET DEBUG=platziverse:* && node setup.js`
14 verbose stack Exit status 1
14 verbose stack     at EventEmitter.<anonymous> (C:\Program Files\nodejs\node_modules\npm\lib\utils\lifecycle.js:255:16)
14 verbose stack     at emitTwo (events.js:106:13)
14 verbose stack     at EventEmitter.emit (events.js:191:7)
14 verbose stack     at ChildProcess.<anonymous> (C:\Program Files\nodejs\node_modules\npm\lib\utils\spawn.js:40:14)
14 verbose stack     at emitTwo (events.js:106:13)
14 verbose stack     at ChildProcess.emit (events.js:191:7)
14 verbose stack     at maybeClose (internal/child_process.js:891:16)
14 verbose stack     at Process.ChildProcess._handle.onexit (internal/child_process.js:226:5)
15 verbose pkgid platziverse-db@1.0.0
16 verbose cwd C:\Proyectos\Platzi\platziverse\platziverse-db
17 error Windows_NT 6.1.7601
18 error argv "C:\\Program Files\\nodejs\\node.exe" "C:\\Program Files\\nodejs\\node_modules\\npm\\bin\\npm-cli.js" "run" "setup"
19 error node v6.11.2
20 error npm  v3.10.10
21 error code ELIFECYCLE
22 error platziverse-db@1.0.0 setup: `SET DEBUG=platziverse:* && node setup.js`
22 error Exit status 1
23 error Failed at the platziverse-db@1.0.0 setup script 'SET DEBUG=platziverse:* && node setup.js'.
23 error Make sure you have the latest version of node.js and npm installed.
23 error If you do, this is most likely a problem with the platziverse-db package,
23 error not with npm itself.
23 error Tell the author that this fails on your system:
23 error     SET DEBUG=platziverse:* && node setup.js
23 error You can get information on how to open an issue for this project with:
23 error     npm bugs platziverse-db
23 error Or if that isn't available, you can get their info via:
23 error     npm owner ls platziverse-db
23 error There is likely additional logging output above.
24 verbose exit [ 1, true ]
